Update Managed Component C1 From CMP-2007-04682-2[0805ZD106MAT2A] To CMP-2007-04682-2[0805ZD106MAT2A] in MotherBoard.SchDoc
Update Managed Component C2 From CMP-2007-04682-2[0805ZD106MAT2A] To CMP-2007-04682-2[0805ZD106MAT2A] in MotherBoard.SchDoc
Update Managed Component C3 From CMP-2007-04682-2[0805ZD106MAT2A] To CMP-2007-04682-2[0805ZD106MAT2A] in MotherBoard.SchDoc
Update Managed Component C4 From CMP-1036-04410-2[CC0805KRX7R8BB104] To CMP-1036-04410-2[CC0805KRX7R8BB104] in MotherBoard.SchDoc
Update Managed Component C5 From CMP-1036-04410-2[CC0805KRX7R8BB104] To CMP-1036-04410-2[CC0805KRX7R8BB104] in MotherBoard.SchDoc
Update Managed Component C6 From CMP-1036-04410-2[CC0805KRX7R8BB104] To CMP-1036-04410-2[CC0805KRX7R8BB104] in MotherBoard.SchDoc
Update Managed Component C7 From CMP-2007-04674-1[0805ZC105KAZ2A] To CMP-2007-04674-1[0805ZC105KAZ2A] in MotherBoard.SchDoc
Update Managed Component C8 From CMP-2007-04674-1[0805ZC105KAZ2A] To CMP-2007-04674-1[0805ZC105KAZ2A] in MotherBoard.SchDoc
Update Managed Component C9 From CMP-2007-04674-1[0805ZC105KAZ2A] To CMP-2007-04674-1[0805ZC105KAZ2A] in MotherBoard.SchDoc
Update Managed Component C10 From CMP-1036-04410-2[CC0805KRX7R8BB104] To CMP-1036-04410-2[CC0805KRX7R8BB104] in MotherBoard.SchDoc
Update Managed Component C11 From CMP-2007-04674-1[0805ZC105KAZ2A] To CMP-2007-04674-1[0805ZC105KAZ2A] in MotherBoard.SchDoc
Update Managed Component C12 From CMP-2007-04674-1[0805ZC105KAZ2A] To CMP-2007-04674-1[0805ZC105KAZ2A] in MotherBoard.SchDoc
Update Managed Component C13 From CMP-2007-04674-1[0805ZC105KAZ2A] To CMP-2007-04674-1[0805ZC105KAZ2A] in MotherBoard.SchDoc
Update Managed Component C14 From CMP-2007-04674-1[0805ZC105KAZ2A] To CMP-2007-04674-1[0805ZC105KAZ2A] in MotherBoard.SchDoc
Update Managed Component C15 From CMP-2007-04674-1[0805ZC105KAZ2A] To CMP-2007-04674-1[0805ZC105KAZ2A] in MotherBoard.SchDoc
Update Managed Component C16 From CMP-2007-04674-1[0805ZC105KAZ2A] To CMP-2007-04674-1[0805ZC105KAZ2A] in MotherBoard.SchDoc
Update Managed Component C17 From CMP-2007-03149-1[VJ0805D561KXBAJ] To CMP-2007-03149-1[VJ0805D561KXBAJ] in MotherBoard.SchDoc
Update Managed Component C18 From CMP-1036-04410-2[CC0805KRX7R8BB104] To CMP-1036-04410-2[CC0805KRX7R8BB104] in MotherBoard.SchDoc
Update Managed Component C19 From CMP-1036-04410-2[CC0805KRX7R8BB104] To CMP-1036-04410-2[CC0805KRX7R8BB104] in MotherBoard.SchDoc
Update Managed Component C20 From CMP-1036-03842-3[CC0805KRX7R9BB103] To CMP-1036-03842-3[CC0805KRX7R9BB103] in MotherBoard.SchDoc
Update Managed Component C21 From CMP-1036-03842-3[CC0805KRX7R9BB103] To CMP-1036-03842-3[CC0805KRX7R9BB103] in MotherBoard.SchDoc
Update Managed Component C22 From CMP-2007-04674-1[0805ZC105KAZ2A] To CMP-2007-04674-1[0805ZC105KAZ2A] in MotherBoard.SchDoc
Update Managed Component C23 From CMP-1036-04410-2[CC0805KRX7R8BB104] To CMP-1036-04410-2[CC0805KRX7R8BB104] in MotherBoard.SchDoc
Update Managed Component C24 From CMP-2007-04674-1[0805ZC105KAZ2A] To CMP-2007-04674-1[0805ZC105KAZ2A] in MotherBoard.SchDoc
Update Managed Component C25 From CMP-1036-04410-2[CC0805KRX7R8BB104] To CMP-1036-04410-2[CC0805KRX7R8BB104] in MotherBoard.SchDoc
Update Managed Component C26 From CMP-2007-04674-1[0805ZC105KAZ2A] To CMP-2007-04674-1[0805ZC105KAZ2A] in MotherBoard.SchDoc
Update Managed Component C27 From CMP-2007-04674-1[0805ZC105KAZ2A] To CMP-2007-04674-1[0805ZC105KAZ2A] in MotherBoard.SchDoc
Update Managed Component J1 From CMP-2000-05487-1[731000114] To CMP-2000-05487-1[731000114] in MotherBoard.SchDoc
Update Managed Component J2 From CMP-2000-05487-1[731000114] To CMP-2000-05487-1[731000114] in MotherBoard.SchDoc
Update Managed Component J3 From CMP-73906-000005-1[73099-2] To CMP-73906-000005-1[73099-2] in MotherBoard.SchDoc
Update Managed Component J4 From CMP-73906-000005-1[73099-2] To CMP-73906-000005-1[73099-2] in MotherBoard.SchDoc
Update Managed Component J5 From CMP-73906-000005-1[73099-2] To CMP-73906-000005-1[73099-2] in MotherBoard.SchDoc
Update Managed Component J6 From CMP-73906-000005-1[73099-2] To CMP-73906-000005-1[73099-2] in MotherBoard.SchDoc
Update Managed Component J7 From CMP-73906-000005-1[73099-2] To CMP-73906-000005-1[73099-2] in MotherBoard.SchDoc
Update Managed Component J8 From CMP-73906-000005-1[73099-2] To CMP-73906-000005-1[73099-2] in MotherBoard.SchDoc
Update Managed Component J9 From CMP-04776-000653-1[22-10-2031] To CMP-04776-000653-1[22-10-2031] in MotherBoard.SchDoc
Update Managed Component J10 From CMP-1023-00345-1[SSW-105-01-T-S] To CMP-1023-00345-1[SSW-105-01-T-S] in MotherBoard.SchDoc
Update Managed Component J11 From CMP-2000-05487-1[731000114] To CMP-2000-05487-1[731000114] in MotherBoard.SchDoc
Update Managed Component J12 From CMP-04776-000653-1[22-10-2031] To CMP-04776-000653-1[22-10-2031] in MotherBoard.SchDoc
Update Managed Component J13 From CMP-1023-00387-1[SSW-109-01-T-D] To CMP-1023-00387-1[SSW-109-01-T-D] in MotherBoard.SchDoc
Update Managed Component J14 From CMP-04776-000653-1[22-10-2031] To CMP-04776-000653-1[22-10-2031] in MotherBoard.SchDoc
Update Managed Component P1 From CMP-1712-00002-6[61300211121] To CMP-1712-00002-6[61300211121] in MotherBoard.SchDoc
Update Managed Component P2 From CMP-1712-00002-6[61300211121] To CMP-1712-00002-6[61300211121] in MotherBoard.SchDoc
Update Managed Component P3 From CMP-1024-00381-1[TSW-106-07-F-D] To CMP-1024-00381-1[TSW-106-07-F-D] in MotherBoard.SchDoc
Update Managed Component P4 From CMP-1712-00002-6[61300211121] To CMP-1712-00002-6[61300211121] in MotherBoard.SchDoc
Update Managed Component P5 From CMP-1712-00002-6[61300211121] To CMP-1712-00002-6[61300211121] in MotherBoard.SchDoc
Update Managed Component P6 From CMP-1712-00002-6[61300211121] To CMP-1712-00002-6[61300211121] in MotherBoard.SchDoc
Update Managed Component P7 From CMP-1712-00002-6[61300211121] To CMP-1712-00002-6[61300211121] in MotherBoard.SchDoc
Update Managed Component P8 From CMP-1712-00002-6[61300211121] To CMP-1712-00002-6[61300211121] in MotherBoard.SchDoc
Update Managed Component P9 From CMP-1712-00002-6[61300211121] To CMP-1712-00002-6[61300211121] in MotherBoard.SchDoc
Update Managed Component P10 From CMP-1712-00002-6[61300211121] To CMP-1712-00002-6[61300211121] in MotherBoard.SchDoc
Update Managed Component P11 From CMP-1712-00002-6[61300211121] To CMP-1712-00002-6[61300211121] in MotherBoard.SchDoc
Update Managed Component P12 From CMP-1712-00002-6[61300211121] To CMP-1712-00002-6[61300211121] in MotherBoard.SchDoc
Update Managed Component P13 From CMP-1712-00002-6[61300211121] To CMP-1712-00002-6[61300211121] in MotherBoard.SchDoc
Update Managed Component P14 From CMP-1712-00002-6[61300211121] To CMP-1712-00002-6[61300211121] in MotherBoard.SchDoc
Update Managed Component P15 From CMP-1712-00002-6[61300211121] To CMP-1712-00002-6[61300211121] in MotherBoard.SchDoc
Update Managed Component P16 From CMP-1712-00002-6[61300211121] To CMP-1712-00002-6[61300211121] in MotherBoard.SchDoc
Update Managed Component R1 From CMP-00030-21390498-1[CRCW080550R0FKTA] To CMP-00030-21390498-1[CRCW080550R0FKTA] in MotherBoard.SchDoc
Update Managed Component R2 From CMP-00030-21390498-1[CRCW080550R0FKTA] To CMP-00030-21390498-1[CRCW080550R0FKTA] in MotherBoard.SchDoc
Update Managed Component R3 From CMP-00030-21390498-1[CRCW080550R0FKTA] To CMP-00030-21390498-1[CRCW080550R0FKTA] in MotherBoard.SchDoc
Update Managed Component R4 From CMP-00030-21390498-1[CRCW080550R0FKTA] To CMP-00030-21390498-1[CRCW080550R0FKTA] in MotherBoard.SchDoc
Update Managed Component R5 From CMP-00030-21390498-1[CRCW080550R0FKTA] To CMP-00030-21390498-1[CRCW080550R0FKTA] in MotherBoard.SchDoc
Update Managed Component R6 From CMP-2100-03671-1[RC0805FR-071KL] To CMP-2100-03671-1[RC0805FR-071KL] in MotherBoard.SchDoc
Update Managed Component R7 From CMP-02407-011702-1[CRCW0805100RFKEAHP] To CMP-02407-011702-1[CRCW0805100RFKEAHP] in MotherBoard.SchDoc
Update Managed Component R8 From CMP-02407-011702-1[CRCW0805100RFKEAHP] To CMP-02407-011702-1[CRCW0805100RFKEAHP] in MotherBoard.SchDoc
Update Managed Component R9 From CMP-02407-011702-1[CRCW0805100RFKEAHP] To CMP-02407-011702-1[CRCW0805100RFKEAHP] in MotherBoard.SchDoc
Update Managed Component R10 From CMP-00030-21390498-1[CRCW080550R0FKTA] To CMP-00030-21390498-1[CRCW080550R0FKTA] in MotherBoard.SchDoc
Update Managed Component R11 From CMP-00030-21390498-1[CRCW080550R0FKTA] To CMP-00030-21390498-1[CRCW080550R0FKTA] in MotherBoard.SchDoc
Update Managed Component R12 From CMP-00030-21390498-1[CRCW080550R0FKTA] To CMP-00030-21390498-1[CRCW080550R0FKTA] in MotherBoard.SchDoc
Update Managed Component R13 From CMP-00030-21390498-1[CRCW080550R0FKTA] To CMP-00030-21390498-1[CRCW080550R0FKTA] in MotherBoard.SchDoc
Update Managed Component R14 From CMP-00030-21390498-1[CRCW080550R0FKTA] To CMP-00030-21390498-1[CRCW080550R0FKTA] in MotherBoard.SchDoc
Update Managed Component R15 From CMP-00030-21390498-1[CRCW080550R0FKTA] To CMP-00030-21390498-1[CRCW080550R0FKTA] in MotherBoard.SchDoc
Update Managed Component R16 From CMP-02407-011702-1[CRCW0805100RFKEAHP] To CMP-02407-011702-1[CRCW0805100RFKEAHP] in MotherBoard.SchDoc
Update Managed Component R17 From CMP-00030-21390498-1[CRCW080550R0FKTA] To CMP-00030-21390498-1[CRCW080550R0FKTA] in MotherBoard.SchDoc
Update Managed Component R18 From CMP-2000-06963-1[RC0805JR-100RL] To CMP-2000-06963-1[RC0805JR-100RL] in MotherBoard.SchDoc
Update Managed Component R19 From CMP-07234-000034-1[3296W-1-253LF] To CMP-07234-000034-1[3296W-1-253LF] in MotherBoard.SchDoc
Update Managed Component R20 From CMP-07234-000034-1[3296W-1-253LF] To CMP-07234-000034-1[3296W-1-253LF] in MotherBoard.SchDoc
Update Managed Component R21 From CMP-2001-04908-2[CRCW080510K0FKEA] To CMP-2001-04908-2[CRCW080510K0FKEA] in MotherBoard.SchDoc
Update Managed Component R22 From CMP-02407-011702-1[CRCW0805100RFKEAHP] To CMP-02407-011702-1[CRCW0805100RFKEAHP] in MotherBoard.SchDoc
Update Managed Component R23 From CMP-2001-04908-2[CRCW080510K0FKEA] To CMP-2001-04908-2[CRCW080510K0FKEA] in MotherBoard.SchDoc
Update Managed Component R24 From CMP-02407-011702-1[CRCW0805100RFKEAHP] To CMP-02407-011702-1[CRCW0805100RFKEAHP] in MotherBoard.SchDoc
Update Managed Component R25 From CMP-02407-011702-1[CRCW0805100RFKEAHP] To CMP-02407-011702-1[CRCW0805100RFKEAHP] in MotherBoard.SchDoc
Update Managed Component R26 From CMP-02407-011702-1[CRCW0805100RFKEAHP] To CMP-02407-011702-1[CRCW0805100RFKEAHP] in MotherBoard.SchDoc
Update Managed Component R27 From CMP-02407-011702-1[CRCW0805100RFKEAHP] To CMP-02407-011702-1[CRCW0805100RFKEAHP] in MotherBoard.SchDoc
Update Managed Component R28 From CMP-02407-011702-1[CRCW0805100RFKEAHP] To CMP-02407-011702-1[CRCW0805100RFKEAHP] in MotherBoard.SchDoc
Update Managed Component R29 From CMP-02407-011702-1[CRCW0805100RFKEAHP] To CMP-02407-011702-1[CRCW0805100RFKEAHP] in MotherBoard.SchDoc
Update Managed Component R30 From CMP-07234-000034-1[3296W-1-253LF] To CMP-07234-000034-1[3296W-1-253LF] in MotherBoard.SchDoc
Update Managed Component R31 From CMP-2001-04908-2[CRCW080510K0FKEA] To CMP-2001-04908-2[CRCW080510K0FKEA] in MotherBoard.SchDoc
Update Managed Component TP1 From CMP-1672-00009-1[5003] To CMP-1672-00009-1[5003] in MotherBoard.SchDoc
Update Managed Component TP2 From CMP-1672-00009-1[5003] To CMP-1672-00009-1[5003] in MotherBoard.SchDoc
Update Managed Component TP3 From CMP-1672-00009-1[5003] To CMP-1672-00009-1[5003] in MotherBoard.SchDoc
Update Managed Component U1 From CMP-07106-000009-1[MC74VHCT50ADTR2G] To CMP-07106-000009-1[MC74VHCT50ADTR2G] in MotherBoard.SchDoc
Update Managed Component U2 From CMP-07106-000009-1[MC74VHCT50ADTR2G] To CMP-07106-000009-1[MC74VHCT50ADTR2G] in MotherBoard.SchDoc
Update Managed Component U3 From CMP-06324-000051-1[MIC5365-2.5YC5-TR] To CMP-06324-000051-1[MIC5365-2.5YC5-TR] in MotherBoard.SchDoc
Update Managed Component U4 From CMP-0359-02753-2[LT1360CS8#PBF] To CMP-0359-02753-2[LT1360CS8#PBF] in MotherBoard.SchDoc
Update Managed Component U5 From CMP-1331-00005-2[ADA4940-1ARZ] To CMP-1331-00005-2[ADA4940-1ARZ] in MotherBoard.SchDoc
Update Managed Component U6 From CMP-0859-00517-5[SN74LVC2G17DCKR] To CMP-0859-00517-5[SN74LVC2G17DCKR] in MotherBoard.SchDoc
