Remove Pin=J2-1 From Net=V_SIN_IN_P
Remove Pin=J9-1 From Net=V_SIN_IN_P
Remove Pin=J13-5 From Net=CLK_IN
Remove Pin=J13-6 From Net=CLK_IN
Remove Pin=J13-7 From Net=MUX1
Remove Pin=J13-8 From Net=MUX0
Remove Pin=J13-9 From Net=Code8
Remove Pin=J13-10 From Net=EOC
Remove Pin=J13-11 From Net=Code7
Remove Pin=J13-12 From Net=Code0
Remove Pin=J13-13 From Net=Code6
Remove Pin=J13-14 From Net=Code1
Remove Pin=J13-15 From Net=Code5
Remove Pin=J13-16 From Net=Code2
Remove Pin=J13-17 From Net=Code4
Remove Pin=J13-18 From Net=Code3
Remove Pin=J14-1 From Net=ADA4940_Vout+
Remove Pin=J14-3 From Net=LT6350_OUT+
Remove Pin=J15-2 From Net=V_SIN_IN_P
Remove Pin=J16-1 From Net=LT6350_OUT-
Remove Pin=J16-3 From Net=ADA4940_Vout-
Remove Pin=P3-2 From Net=Code8_BufferOut
Remove Pin=P3-3 From Net=CLK_BufferOut
Remove Pin=P3-4 From Net=Code7_BufferOut
Remove Pin=P3-5 From Net=EOC_BufferOut
Remove Pin=P3-6 From Net=Code6_BufferOut
Remove Pin=P3-7 From Net=Code0_BufferOut
Remove Pin=P3-8 From Net=Code5_BufferOut
Remove Pin=P3-9 From Net=Code1_BufferOut
Remove Pin=P3-10 From Net=Code4_BufferOut
Remove Pin=P3-11 From Net=Code2_BufferOut
Remove Pin=P3-12 From Net=Code3_BufferOut
Remove Pin=P7-1 From Net=MUX0
Remove Pin=P7-2 From Net=MUX1
Remove Pin=R2-1 From Net=Code3_BufferOut
Remove Pin=R3-1 From Net=Code1_BufferOut
Remove Pin=R4-1 From Net=EOC_BufferOut
Remove Pin=R5-1 From Net=Code2_BufferOut
Remove Pin=R10-1 From Net=Code0_BufferOut
Remove Pin=R11-1 From Net=Code8_BufferOut
Remove Pin=R12-1 From Net=Code7_BufferOut
Remove Pin=R13-1 From Net=Code6_BufferOut
Remove Pin=R14-1 From Net=Code5_BufferOut
Remove Pin=R15-1 From Net=Code4_BufferOut
Remove Pin=U1-1 From Net=Code8
Remove Pin=U1-2 From Net=Code8_BufferOut
Remove Pin=U1-3 From Net=Code7
Remove Pin=U1-4 From Net=Code7_BufferOut
Remove Pin=U1-5 From Net=Code6
Remove Pin=U1-6 From Net=Code6_BufferOut
Remove Pin=U1-8 From Net=Code5_BufferOut
Remove Pin=U1-9 From Net=Code5
Remove Pin=U1-10 From Net=Code4_BufferOut
Remove Pin=U1-11 From Net=Code4
Remove Pin=U1-12 From Net=Code3_BufferOut
Remove Pin=U1-13 From Net=Code3
Remove Pin=U2-1 From Net=Code2
Remove Pin=U2-2 From Net=Code2_BufferOut
Remove Pin=U2-3 From Net=Code1
Remove Pin=U2-4 From Net=Code1_BufferOut
Remove Pin=U2-5 From Net=Code0
Remove Pin=U2-6 From Net=Code0_BufferOut
Remove Pin=U2-8 From Net=EOC_BufferOut
Remove Pin=U2-9 From Net=EOC
Remove Pin=U2-10 From Net=CLK_BufferOut
Remove Pin=U2-11 From Net=CLK_IN
Remove Pin=U4-5 From Net=LT6350_OUT-
Remove Pin=U4-7 From Net=LT6350_5V
Remove Pin=U5-2 From Net=0.5V
