Removed Pin From Net: NetName=-5V Pin=C1-1
Removed Pin From Net: NetName=-5V Pin=C1-2
Removed Pin From Net: NetName=-5V Pin=C5-1
Removed Pin From Net: NetName=-5V Pin=C5-2
Removed Pin From Net: NetName=5V Pin=C10-1
Removed Pin From Net: NetName=-5V Pin=C18-1
Removed Pin From Net: NetName=-5V Pin=C19-1
Removed Pin From Net: NetName=-5V Pin=C20-1
Removed Pin From Net: NetName=-5V Pin=J7-1
Removed Pin From Net: NetName=-5V Pin=J14-1
Removed Pin From Net: NetName=-5V Pin=P6-2
Removed Pin From Net: NetName=-5V Pin=U4-4
Removed Pin From Net: NetName=5V Pin=U4-7
Removed Pin From Net: NetName=-5V Pin=U10-4
Removed Pin From Net: NetName=-5V Pin=U10-7
Change Net Name : Old Net Name=-5V New Net Name=DGND
Change Net Name : Old Net Name=5V New Net Name=+5
Added Pin To Net: NetName=-5 Pin=C1-1
Added Pin To Net: NetName=-5 Pin=C5-1
Added Pin To Net: NetName=-5 Pin=C19-1
Added Pin To Net: NetName=-5 Pin=C20-1
Added Pin To Net: NetName=-5 Pin=J7-1
Added Pin To Net: NetName=-5 Pin=J14-1
Added Pin To Net: NetName=-5 Pin=P6-2
Added Pin To Net: NetName=-5 Pin=U10-4
Added Pin To Net: NetName=-5 Pin=U10-7
Added Net: Name=-5
Added Pin To Net: NetName=-5V Pin=C18-1
Added Pin To Net: NetName=-5V Pin=U4-4
Added Net: Name=-5V
Added Pin To Net: NetName=5V Pin=C10-1
Added Pin To Net: NetName=5V Pin=U4-7
Added Net: Name=5V
Added Pin To Net: NetName=NetC1_2 Pin=C1-2
Added Pin To Net: NetName=NetC1_2 Pin=C5-2
Added Net: Name=NetC1_2
Added Room: Name=MotherBoard
Change Rule Scope 1 : Old Scope=InNet('5V') New Scope=InNet('+5')
Change Rule Scope 1 : Old Scope=InNet('-5V') New Scope=InNet('-5')
