Change Component Footprint: Designator=P13 Old Footprint=61300211121 New Footprint=61300211121
Added Component: Designator=MP1(FP-1921B-MFG)
Add component (AddParameter): Name = "Color"; Value = "Natural"; VariantName = "[No Variations]"
Add component (AddParameter): Name = "Diameter"; Value = "6.35mm"; VariantName = "[No Variations]"
Add component (AddParameter): Name = "Gender"; Value = "Female, Female"; VariantName = "[No Variations]"
Add component (AddParameter): Name = "Height"; Value = "12.827mm"; VariantName = "[No Variations]"
Add component (AddParameter): Name = "Lead Free"; Value = "Lead Free"; VariantName = "[No Variations]"
Add component (AddParameter): Name = "Length"; Value = "12.7mm"; VariantName = "[No Variations]"
Add component (AddParameter): Name = "Material"; Value = "Stainless Steel"; VariantName = "[No Variations]"
Add component (AddParameter): Name = "NexarPartId"; Value = "374361"; VariantName = "[No Variations]"
Add component (AddParameter): Name = "Outside Diameter"; Value = "6.35mm"; VariantName = "[No Variations]"
Add component (AddParameter): Name = "RoHS"; Value = "Compliant"; VariantName = "[No Variations]"
Add component (AddParameter): Name = "Shape"; Value = "Hex"; VariantName = "[No Variations]"
Add component (AddParameter): Name = "Threaded/Unthreaded"; Value = "Threaded"; VariantName = "[No Variations]"
Add component (AddParameter): Name = "Width"; Value = "6.35mm"; VariantName = "[No Variations]"
Added Component: Designator=MP2(FP-1921B-MFG)
Add component (AddParameter): Name = "Color"; Value = "Natural"; VariantName = "[No Variations]"
Add component (AddParameter): Name = "Diameter"; Value = "6.35mm"; VariantName = "[No Variations]"
Add component (AddParameter): Name = "Gender"; Value = "Female, Female"; VariantName = "[No Variations]"
Add component (AddParameter): Name = "Height"; Value = "12.827mm"; VariantName = "[No Variations]"
Add component (AddParameter): Name = "Lead Free"; Value = "Lead Free"; VariantName = "[No Variations]"
Add component (AddParameter): Name = "Length"; Value = "12.7mm"; VariantName = "[No Variations]"
Add component (AddParameter): Name = "Material"; Value = "Stainless Steel"; VariantName = "[No Variations]"
Add component (AddParameter): Name = "NexarPartId"; Value = "374361"; VariantName = "[No Variations]"
Add component (AddParameter): Name = "Outside Diameter"; Value = "6.35mm"; VariantName = "[No Variations]"
Add component (AddParameter): Name = "RoHS"; Value = "Compliant"; VariantName = "[No Variations]"
Add component (AddParameter): Name = "Shape"; Value = "Hex"; VariantName = "[No Variations]"
Add component (AddParameter): Name = "Threaded/Unthreaded"; Value = "Threaded"; VariantName = "[No Variations]"
Add component (AddParameter): Name = "Width"; Value = "6.35mm"; VariantName = "[No Variations]"
Added Component: Designator=MP3(FP-1921B-MFG)
Add component (AddParameter): Name = "Color"; Value = "Natural"; VariantName = "[No Variations]"
Add component (AddParameter): Name = "Diameter"; Value = "6.35mm"; VariantName = "[No Variations]"
Add component (AddParameter): Name = "Gender"; Value = "Female, Female"; VariantName = "[No Variations]"
Add component (AddParameter): Name = "Height"; Value = "12.827mm"; VariantName = "[No Variations]"
Add component (AddParameter): Name = "Lead Free"; Value = "Lead Free"; VariantName = "[No Variations]"
Add component (AddParameter): Name = "Length"; Value = "12.7mm"; VariantName = "[No Variations]"
Add component (AddParameter): Name = "Material"; Value = "Stainless Steel"; VariantName = "[No Variations]"
Add component (AddParameter): Name = "NexarPartId"; Value = "374361"; VariantName = "[No Variations]"
Add component (AddParameter): Name = "Outside Diameter"; Value = "6.35mm"; VariantName = "[No Variations]"
Add component (AddParameter): Name = "RoHS"; Value = "Compliant"; VariantName = "[No Variations]"
Add component (AddParameter): Name = "Shape"; Value = "Hex"; VariantName = "[No Variations]"
Add component (AddParameter): Name = "Threaded/Unthreaded"; Value = "Threaded"; VariantName = "[No Variations]"
Add component (AddParameter): Name = "Width"; Value = "6.35mm"; VariantName = "[No Variations]"
Added Component: Designator=MP4(FP-1921B-MFG)
Add component (AddParameter): Name = "Color"; Value = "Natural"; VariantName = "[No Variations]"
Add component (AddParameter): Name = "Diameter"; Value = "6.35mm"; VariantName = "[No Variations]"
Add component (AddParameter): Name = "Gender"; Value = "Female, Female"; VariantName = "[No Variations]"
Add component (AddParameter): Name = "Height"; Value = "12.827mm"; VariantName = "[No Variations]"
Add component (AddParameter): Name = "Lead Free"; Value = "Lead Free"; VariantName = "[No Variations]"
Add component (AddParameter): Name = "Length"; Value = "12.7mm"; VariantName = "[No Variations]"
Add component (AddParameter): Name = "Material"; Value = "Stainless Steel"; VariantName = "[No Variations]"
Add component (AddParameter): Name = "NexarPartId"; Value = "374361"; VariantName = "[No Variations]"
Add component (AddParameter): Name = "Outside Diameter"; Value = "6.35mm"; VariantName = "[No Variations]"
Add component (AddParameter): Name = "RoHS"; Value = "Compliant"; VariantName = "[No Variations]"
Add component (AddParameter): Name = "Shape"; Value = "Hex"; VariantName = "[No Variations]"
Add component (AddParameter): Name = "Threaded/Unthreaded"; Value = "Threaded"; VariantName = "[No Variations]"
Add component (AddParameter): Name = "Width"; Value = "6.35mm"; VariantName = "[No Variations]"
Added Member To Class: ClassName=MotherBoard Member=Component MP1 1921B
Added Member To Class: ClassName=MotherBoard Member=Component MP2 1921B
Added Member To Class: ClassName=MotherBoard Member=Component MP3 1921B
Added Member To Class: ClassName=MotherBoard Member=Component MP4 1921B
Added Room: Name=MotherBoard
