Change Component Footprint: Designator=P1 Old Footprint=61300211121 New Footprint=61300211121
Change Component Footprint: Designator=P2 Old Footprint=61300211121 New Footprint=61300211121
Change Component Footprint: Designator=P4 Old Footprint=61300211121 New Footprint=61300211121
Change Component Footprint: Designator=P5 Old Footprint=61300211121 New Footprint=61300211121
Change Component Footprint: Designator=P6 Old Footprint=61300211121 New Footprint=61300211121
Change Component Footprint: Designator=P7 Old Footprint=61300211121 New Footprint=61300211121
Change Component Footprint: Designator=P8 Old Footprint=61300211121 New Footprint=61300211121
Change Component Footprint: Designator=P9 Old Footprint=61300211121 New Footprint=61300211121
Change Component Footprint: Designator=P10 Old Footprint=61300211121 New Footprint=61300211121
Change Component Footprint: Designator=P11 Old Footprint=61300211121 New Footprint=61300211121
Change Component Footprint: Designator=P12 Old Footprint=61300211121 New Footprint=61300211121
Change Component Footprint: Designator=P13 Old Footprint=61300211121 New Footprint=61300211121
Change Component Footprint: Designator=P14 Old Footprint=61300211121 New Footprint=61300211121
Change Component Footprint: Designator=P15 Old Footprint=61300211121 New Footprint=61300211121
Change Component Footprint: Designator=P16 Old Footprint=61300211121 New Footprint=61300211121
Change Component Footprint: Designator=R1 Old Footprint=FP-D12-CRCW0805-MFG New Footprint=FP-D12-CRCW0805-MFG
Change Component Footprint: Designator=R2 Old Footprint=FP-D12-CRCW0805-MFG New Footprint=FP-D12-CRCW0805-MFG
Change Component Footprint: Designator=R3 Old Footprint=FP-D12-CRCW0805-MFG New Footprint=FP-D12-CRCW0805-MFG
Change Component Footprint: Designator=R4 Old Footprint=FP-D12-CRCW0805-MFG New Footprint=FP-D12-CRCW0805-MFG
Change Component Footprint: Designator=R5 Old Footprint=FP-D12-CRCW0805-MFG New Footprint=FP-D12-CRCW0805-MFG
Change Component Footprint: Designator=R10 Old Footprint=FP-D12-CRCW0805-MFG New Footprint=FP-D12-CRCW0805-MFG
Change Component Footprint: Designator=R11 Old Footprint=FP-D12-CRCW0805-MFG New Footprint=FP-D12-CRCW0805-MFG
Change Component Footprint: Designator=R12 Old Footprint=FP-D12-CRCW0805-MFG New Footprint=FP-D12-CRCW0805-MFG
Change Component Footprint: Designator=R13 Old Footprint=FP-D12-CRCW0805-MFG New Footprint=FP-D12-CRCW0805-MFG
Change Component Footprint: Designator=R14 Old Footprint=FP-D12-CRCW0805-MFG New Footprint=FP-D12-CRCW0805-MFG
Change Component Footprint: Designator=R15 Old Footprint=FP-D12-CRCW0805-MFG New Footprint=FP-D12-CRCW0805-MFG
Change Component Footprint: Designator=R17 Old Footprint=FP-D12-CRCW0805-MFG New Footprint=FP-D12-CRCW0805-MFG
Add Component: Footprint Not Found SOT23-5-A_TPK
Add Component: Footprint Not Found SOT23-5-A_TPK
Add Component: Footprint Not Found SOT23-5-A_TPK
Add Component: Footprint Not Found SO-8_S_LIT
Add Pin To Net: Unknown Pin: Pin U?-1
Add Pin To Net: Unknown Pin: Pin U?-1
Add Pin To Net: Unknown Pin: Pin U?-1
Add Pin To Net: Unknown Pin: Pin U?-1
Add Pin To Net: Unknown Pin: Pin U?-2
Add Pin To Net: Unknown Pin: Pin U?-2
Add Pin To Net: Unknown Pin: Pin U?-2
Add Pin To Net: Unknown Pin: Pin U?-2
Add Pin To Net: Unknown Pin: Pin U?-3
Add Pin To Net: Unknown Pin: Pin U?-3
Add Pin To Net: Unknown Pin: Pin U?-3
Add Pin To Net: Unknown Pin: Pin U?-3
Add Pin To Net: Unknown Pin: Pin U?-4
Add Pin To Net: Unknown Pin: Pin U?-5
Add Pin To Net: Unknown Pin: Pin U?-5
Add Pin To Net: Unknown Pin: Pin U?-5
Add Pin To Net: Unknown Pin: Pin U?-5
Add Pin To Net: Unknown Pin: Pin U?-6
Add Pin To Net: Unknown Pin: Pin U?-7
Add Pin To Net: Unknown Pin: Pin U?-8
Add Class Member: Failed to add class member : Component U? TPL503115-S5TR
Add Class Member: Failed to add class member : Component U? TPL503115-S5TR
Add Class Member: Failed to add class member : Component U? TPL503115-S5TR
Add Class Member: Failed to add class member : Component U? LTC1560-1CS8PBF
