Removed Pin From Net: NetName=IN_T12_N Pin=J9-2
Removed Pin From Net: NetName=AGND Pin=J11-2
Removed Pin From Net: NetName=AGND Pin=J11-3
Removed Pin From Net: NetName=AGND Pin=J11-4
Removed Pin From Net: NetName=AGND Pin=J11-5
Removed Pin From Net: NetName=IN_T12_P Pin=J12-2
Removed Pin From Net: NetName=ADA4940_Vout- Pin=P15-1
Removed Pin From Net: NetName=ADA4940_Vout+ Pin=P16-2
Removed Member From Class: ClassName=MotherBoard Member=P15
Removed Member From Class: ClassName=MotherBoard Member=P16
Added Pin To Net: NetName=ADA4940_Vout- Pin=J9-3
Added Pin To Net: NetName=DGND Pin=J11-2
Added Pin To Net: NetName=DGND Pin=J11-3
Added Pin To Net: NetName=DGND Pin=J11-4
Added Pin To Net: NetName=DGND Pin=J11-5
Added Pin To Net: NetName=ADA4940_Vout+ Pin=J12-1
Added Pin To Net: NetName=IN_T12_P Pin=U6-4
Added Pin To Net: NetName=IN_T12_N Pin=U6-6
Added Pin To Net: NetName=NetJ9_2 Pin=J9-2
Added Pin To Net: NetName=NetJ9_2 Pin=U6-1
Added Net: Name=NetJ9_2
Added Pin To Net: NetName=NetJ12_2 Pin=J12-2
Added Pin To Net: NetName=NetJ12_2 Pin=U6-3
Added Net: Name=NetJ12_2
Added Room: Name=MotherBoard
