Removed Pin From Net: NetName=Code3_BufferOut Pin=R2-1
Removed Pin From Net: NetName=DGND Pin=R2-2
Removed Pin From Net: NetName=Code1_BufferOut Pin=R3-1
Removed Pin From Net: NetName=DGND Pin=R3-2
Removed Pin From Net: NetName=EOC_BufferOut Pin=R4-1
Removed Pin From Net: NetName=DGND Pin=R4-2
Removed Pin From Net: NetName=Code2_BufferOut Pin=R5-1
Removed Pin From Net: NetName=DGND Pin=R5-2
Removed Pin From Net: NetName=Code0_BufferOut Pin=R10-1
Removed Pin From Net: NetName=DGND Pin=R10-2
Removed Pin From Net: NetName=Code8_BufferOut Pin=R11-1
Removed Pin From Net: NetName=DGND Pin=R11-2
Removed Pin From Net: NetName=Code7_BufferOut Pin=R12-1
Removed Pin From Net: NetName=DGND Pin=R12-2
Removed Pin From Net: NetName=Code6_BufferOut Pin=R13-1
Removed Pin From Net: NetName=DGND Pin=R13-2
Removed Pin From Net: NetName=Code5_BufferOut Pin=R14-1
Removed Pin From Net: NetName=DGND Pin=R14-2
Removed Pin From Net: NetName=Code4_BufferOut Pin=R15-1
Removed Pin From Net: NetName=DGND Pin=R15-2
Removed Member From Class: ClassName=MotherBoard Member=R2
Removed Member From Class: ClassName=MotherBoard Member=R3
Removed Member From Class: ClassName=MotherBoard Member=R4
Removed Member From Class: ClassName=MotherBoard Member=R5
Removed Member From Class: ClassName=MotherBoard Member=R10
Removed Member From Class: ClassName=MotherBoard Member=R11
Removed Member From Class: ClassName=MotherBoard Member=R12
Removed Member From Class: ClassName=MotherBoard Member=R13
Removed Member From Class: ClassName=MotherBoard Member=R14
Removed Member From Class: ClassName=MotherBoard Member=R15
Added Member To Class: ClassName=MotherBoard Member=Component C6 CC0805KRX7R8BB104
Added Member To Class: ClassName=MotherBoard Member=Component R1 CRCW080550R0FKTA
Added Member To Class: ClassName=MotherBoard Member=Component R23 CRCW080510K0FKEA
Added Member To Class: ClassName=MotherBoard Member=Component R28 CRCW080550R0FKTA
Added Room: Name=MotherBoard
