Removed Pin From Net: NetName=VDD_ANA_ESD Pin=J10-1
Removed Pin From Net: NetName=AVSS Pin=J10-5
Change Component Footprint: Designator=P1 Old Footprint=61300211121 New Footprint=61300211121
Change Component Footprint: Designator=P2 Old Footprint=61300211121 New Footprint=61300211121
Change Component Footprint: Designator=P4 Old Footprint=61300211121 New Footprint=61300211121
Change Component Footprint: Designator=P5 Old Footprint=61300211121 New Footprint=61300211121
Change Component Footprint: Designator=P6 Old Footprint=61300211121 New Footprint=61300211121
Change Component Footprint: Designator=P7 Old Footprint=61300211121 New Footprint=61300211121
Change Component Footprint: Designator=R1 Old Footprint=FP-D12-CRCW0805-MFG New Footprint=FP-D12-CRCW0805-MFG
Change Component Footprint: Designator=R2 Old Footprint=FP-D12-CRCW0805-MFG New Footprint=FP-D12-CRCW0805-MFG
Change Component Footprint: Designator=R3 Old Footprint=FP-D12-CRCW0805-MFG New Footprint=FP-D12-CRCW0805-MFG
Change Component Footprint: Designator=R4 Old Footprint=FP-D12-CRCW0805-MFG New Footprint=FP-D12-CRCW0805-MFG
Change Component Footprint: Designator=R5 Old Footprint=FP-D12-CRCW0805-MFG New Footprint=FP-D12-CRCW0805-MFG
Change Component Footprint: Designator=R10 Old Footprint=FP-D12-CRCW0805-MFG New Footprint=FP-D12-CRCW0805-MFG
Change Component Footprint: Designator=R11 Old Footprint=FP-D12-CRCW0805-MFG New Footprint=FP-D12-CRCW0805-MFG
Change Component Footprint: Designator=R12 Old Footprint=FP-D12-CRCW0805-MFG New Footprint=FP-D12-CRCW0805-MFG
Change Component Footprint: Designator=R13 Old Footprint=FP-D12-CRCW0805-MFG New Footprint=FP-D12-CRCW0805-MFG
Change Component Footprint: Designator=R14 Old Footprint=FP-D12-CRCW0805-MFG New Footprint=FP-D12-CRCW0805-MFG
Change Component Footprint: Designator=R15 Old Footprint=FP-D12-CRCW0805-MFG New Footprint=FP-D12-CRCW0805-MFG
Added Pin To Net: NetName=AVSS Pin=J10-1
Added Pin To Net: NetName=VDD_ANA_ESD Pin=J10-5
Change Net Name : Old Net Name=VDD_ANA_ESD New Net Name=VDD_Analog
Change Rule Scope 1 : Old Scope=InNet('VDD_ANA_ESD') New Scope=InNet('VDD_Analog')
