Remove Pin=J1-1 From Net=CLK_T12
Remove Pin=J1-4 From Net=MUX1
Remove Pin=J1-5 From Net=MUX0
Remove Pin=J2-1 From Net=AVSS
Remove Pin=J2-2 From Net=INP_T12
Remove Pin=J2-3 From Net=INN_T12
Remove Pin=J2-4 From Net=VCM_T12
Remove Pin=J2-5 From Net=AVSS
Remove Pin=P1-1 From Net=Code3
Remove Pin=P1-2 From Net=Code8
Remove Pin=P1-3 From Net=Code2
Remove Pin=P1-4 From Net=Code7
Remove Pin=P1-5 From Net=Code1
Remove Pin=P1-6 From Net=Code6
Remove Pin=P1-7 From Net=Code0
Remove Pin=P1-8 From Net=Code5
Remove Pin=P1-9 From Net=EOC
Remove Pin=P1-10 From Net=Code4
Remove Pin=U1-1 From Net=VDD_ESD_T12
Remove Pin=U1-2 From Net=VSS_ESD_T12
Remove Pin=U1-3 From Net=DVSS_T12
Remove Pin=U1-4 From Net=VDD_T12
Remove Pin=U1-5 From Net=CLK_T12
Remove Pin=U1-6 From Net=MUX1
Remove Pin=U1-7 From Net=MUX0
Remove Pin=U1-8 From Net=Code8
Remove Pin=U1-9 From Net=Code7
Remove Pin=U1-10 From Net=Code6
Remove Pin=U1-11 From Net=Code5
Remove Pin=U1-12 From Net=Code4
Remove Pin=U1-13 From Net=Code3
Remove Pin=U1-14 From Net=Code2
Remove Pin=U1-15 From Net=Code1
Remove Pin=U1-16 From Net=Code0
Remove Pin=U1-17 From Net=EOC
Remove Pin=U1-29 From Net=AVSS
Remove Pin=U1-32 From Net=INN_T12
Remove Pin=U1-34 From Net=AVSS
Remove Pin=U1-36 From Net=VDD_ANA_ESD
Remove Pin=U1-38 From Net=VCM_T12
Remove Pin=U1-39 From Net=INP_T12
Remove Pin=U1-43 From Net=AVSS
Remove Pin=U1-44 From Net=VDD_ANA_ESD
