Added Component: Designator=C1(CAPC2013X94X50ML25T25)
Add component (AddParameter): Name = "Manufacturer"; Value = "AVX Interconnect / Elco"; VariantName = "[No Variations]"
Add component (AddParameter): Name = "Part Number"; Value = "LD051C104KAB2A"; VariantName = "[No Variations]"
Added Component: Designator=C2(CAPC2013X145X48LL20T23)
Add component (AddParameter): Name = "Manufacturer"; Value = "Vitramon"; VariantName = "[No Variations]"
Add component (AddParameter): Name = "Part Number"; Value = "VJ0805Y103KXBAC"; VariantName = "[No Variations]"
Added Component: Designator=C3(CAPC2013X94X50ML25T25)
Add component (AddParameter): Name = "Manufacturer"; Value = "AVX Interconnect / Elco"; VariantName = "[No Variations]"
Add component (AddParameter): Name = "Part Number"; Value = "LD051C104KAB2A"; VariantName = "[No Variations]"
Added Component: Designator=C4(CAPC2013X145X48LL20T23)
Add component (AddParameter): Name = "Manufacturer"; Value = "Vitramon"; VariantName = "[No Variations]"
Add component (AddParameter): Name = "Part Number"; Value = "VJ0805Y103KXBAC"; VariantName = "[No Variations]"
Added Component: Designator=C5(CAPC2013X94X50ML25T25)
Add component (AddParameter): Name = "Manufacturer"; Value = "AVX Interconnect / Elco"; VariantName = "[No Variations]"
Add component (AddParameter): Name = "Part Number"; Value = "LD051C104KAB2A"; VariantName = "[No Variations]"
Added Component: Designator=C6(CAPC2013X145X48LL20T23)
Add component (AddParameter): Name = "Manufacturer"; Value = "Vitramon"; VariantName = "[No Variations]"
Add component (AddParameter): Name = "Part Number"; Value = "VJ0805Y103KXBAC"; VariantName = "[No Variations]"
Added Component: Designator=J1(FP-90120-0125-MFG)
Add component (AddParameter): Name = "Contact Gender"; Value = "Male"; VariantName = "[No Variations]"
Add component (AddParameter): Name = "Contact Material"; Value = "Brass"; VariantName = "[No Variations]"
Add component (AddParameter): Name = "Contact Plating"; Value = "Tin"; VariantName = "[No Variations]"
Add component (AddParameter): Name = "Contact Resistance"; Value = "20mO"; VariantName = "[No Variations]"
Add component (AddParameter): Name = "Country of Origin"; Value = "SK"; VariantName = "[No Variations]"
Add component (AddParameter): Name = "Current Rating"; Value = "3A"; VariantName = "[No Variations]"
Add component (AddParameter): Name = "Gender"; Value = "Male"; VariantName = "[No Variations]"
Add component (AddParameter): Name = "Glow Wire Compliant"; Value = "Non-compliant"; VariantName = "[No Variations]"
Add component (AddParameter): Name = "Housing Color"; Value = "Black"; VariantName = "[No Variations]"
Add component (AddParameter): Name = "Housing Material"; Value = "Polyester"; VariantName = "[No Variations]"
Add component (AddParameter): Name = "Lead Free"; Value = "Lead Free"; VariantName = "[No Variations]"
Add component (AddParameter): Name = "Lead Length"; Value = "2.9mm"; VariantName = "[No Variations]"
Add component (AddParameter): Name = "Lead Pitch"; Value = "2.54mm"; VariantName = "[No Variations]"
Add component (AddParameter): Name = "Lifecycle Status"; Value = "Production"; VariantName = "[No Variations]"
Add component (AddParameter): Name = "Manufacturer Lifecycle Status"; Value = "ACTIVE"; VariantName = "[No Variations]"
Add component (AddParameter): Name = "Mating Post Length"; Value = "6.75mm"; VariantName = "[No Variations]"
Add component (AddParameter): Name = "Max Operating Temperature"; Value = "125°C"; VariantName = "[No Variations]"
Add component (AddParameter): Name = "Max Voltage Rating (DC)"; Value = "350.35kV"; VariantName = "[No Variations]"
Add component (AddParameter): Name = "Min Operating Temperature"; Value = "-55°C"; VariantName = "[No Variations]"
Add component (AddParameter): Name = "Mount"; Value = "Through Hole"; VariantName = "[No Variations]"
Add component (AddParameter): Name = "NexarPartId"; Value = "655425"; VariantName = "[No Variations]"
Add component (AddParameter): Name = "Number of Circuits"; Value = "5"; VariantName = "[No Variations]"
Add component (AddParameter): Name = "Number of Contacts"; Value = "5"; VariantName = "[No Variations]"
Add component (AddParameter): Name = "Number of Pins"; Value = "5"; VariantName = "[No Variations]"
Add component (AddParameter): Name = "Number of Positions"; Value = "5"; VariantName = "[No Variations]"
Add component (AddParameter): Name = "Number of Rows"; Value = "1"; VariantName = "[No Variations]"
Add component (AddParameter): Name = "Orientation"; Value = "Vertical"; VariantName = "[No Variations]"
Add component (AddParameter): Name = "Packaging"; Value = "Bulk"; VariantName = "[No Variations]"
Add component (AddParameter): Name = "Pitch"; Value = "2.54mm"; VariantName = "[No Variations]"
Add component (AddParameter): Name = "Plating"; Value = "Tin"; VariantName = "[No Variations]"
Add component (AddParameter): Name = "Radiation Hardening"; Value = "No"; VariantName = "[No Variations]"
Add component (AddParameter): Name = "REACH SVHC"; Value = "No SVHC"; VariantName = "[No Variations]"
Add component (AddParameter): Name = "RoHS"; Value = "Compliant"; VariantName = "[No Variations]"
Add component (AddParameter): Name = "Schedule B"; Value = "8536694040"; VariantName = "[No Variations]"
Add component (AddParameter): Name = "Termination"; Value = "Solder"; VariantName = "[No Variations]"
Add component (AddParameter): Name = "Voltage Rating"; Value = "350V"; VariantName = "[No Variations]"
Add component (AddParameter): Name = "Voltage Rating (AC)"; Value = "350V"; VariantName = "[No Variations]"
Added Component: Designator=J2(FP-90120-0125-MFG)
Add component (AddParameter): Name = "Contact Gender"; Value = "Male"; VariantName = "[No Variations]"
Add component (AddParameter): Name = "Contact Material"; Value = "Brass"; VariantName = "[No Variations]"
Add component (AddParameter): Name = "Contact Plating"; Value = "Tin"; VariantName = "[No Variations]"
Add component (AddParameter): Name = "Contact Resistance"; Value = "20mO"; VariantName = "[No Variations]"
Add component (AddParameter): Name = "Country of Origin"; Value = "SK"; VariantName = "[No Variations]"
Add component (AddParameter): Name = "Current Rating"; Value = "3A"; VariantName = "[No Variations]"
Add component (AddParameter): Name = "Gender"; Value = "Male"; VariantName = "[No Variations]"
Add component (AddParameter): Name = "Glow Wire Compliant"; Value = "Non-compliant"; VariantName = "[No Variations]"
Add component (AddParameter): Name = "Housing Color"; Value = "Black"; VariantName = "[No Variations]"
Add component (AddParameter): Name = "Housing Material"; Value = "Polyester"; VariantName = "[No Variations]"
Add component (AddParameter): Name = "Lead Free"; Value = "Lead Free"; VariantName = "[No Variations]"
Add component (AddParameter): Name = "Lead Length"; Value = "2.9mm"; VariantName = "[No Variations]"
Add component (AddParameter): Name = "Lead Pitch"; Value = "2.54mm"; VariantName = "[No Variations]"
Add component (AddParameter): Name = "Lifecycle Status"; Value = "Production"; VariantName = "[No Variations]"
Add component (AddParameter): Name = "Manufacturer Lifecycle Status"; Value = "ACTIVE"; VariantName = "[No Variations]"
Add component (AddParameter): Name = "Mating Post Length"; Value = "6.75mm"; VariantName = "[No Variations]"
Add component (AddParameter): Name = "Max Operating Temperature"; Value = "125°C"; VariantName = "[No Variations]"
Add component (AddParameter): Name = "Max Voltage Rating (DC)"; Value = "350.35kV"; VariantName = "[No Variations]"
Add component (AddParameter): Name = "Min Operating Temperature"; Value = "-55°C"; VariantName = "[No Variations]"
Add component (AddParameter): Name = "Mount"; Value = "Through Hole"; VariantName = "[No Variations]"
Add component (AddParameter): Name = "NexarPartId"; Value = "655425"; VariantName = "[No Variations]"
Add component (AddParameter): Name = "Number of Circuits"; Value = "5"; VariantName = "[No Variations]"
Add component (AddParameter): Name = "Number of Contacts"; Value = "5"; VariantName = "[No Variations]"
Add component (AddParameter): Name = "Number of Pins"; Value = "5"; VariantName = "[No Variations]"
Add component (AddParameter): Name = "Number of Positions"; Value = "5"; VariantName = "[No Variations]"
Add component (AddParameter): Name = "Number of Rows"; Value = "1"; VariantName = "[No Variations]"
Add component (AddParameter): Name = "Orientation"; Value = "Vertical"; VariantName = "[No Variations]"
Add component (AddParameter): Name = "Packaging"; Value = "Bulk"; VariantName = "[No Variations]"
Add component (AddParameter): Name = "Pitch"; Value = "2.54mm"; VariantName = "[No Variations]"
Add component (AddParameter): Name = "Plating"; Value = "Tin"; VariantName = "[No Variations]"
Add component (AddParameter): Name = "Radiation Hardening"; Value = "No"; VariantName = "[No Variations]"
Add component (AddParameter): Name = "REACH SVHC"; Value = "No SVHC"; VariantName = "[No Variations]"
Add component (AddParameter): Name = "RoHS"; Value = "Compliant"; VariantName = "[No Variations]"
Add component (AddParameter): Name = "Schedule B"; Value = "8536694040"; VariantName = "[No Variations]"
Add component (AddParameter): Name = "Termination"; Value = "Solder"; VariantName = "[No Variations]"
Add component (AddParameter): Name = "Voltage Rating"; Value = "350V"; VariantName = "[No Variations]"
Add component (AddParameter): Name = "Voltage Rating (AC)"; Value = "350V"; VariantName = "[No Variations]"
Added Component: Designator=P1(61301021121)
Add component (AddParameter): Name = "Color"; Value = "Black"; VariantName = "[No Variations]"
Add component (AddParameter): Name = "Connector Type"; Value = "Male Pin"; VariantName = "[No Variations]"
Add component (AddParameter): Name = "Contact Gender"; Value = "Male"; VariantName = "[No Variations]"
Add component (AddParameter): Name = "Contact Material"; Value = "Copper"; VariantName = "[No Variations]"
Add component (AddParameter): Name = "Contact Mating Length"; Value = "5.9944mm"; VariantName = "[No Variations]"
Add component (AddParameter): Name = "Contact Plating"; Value = "Gold"; VariantName = "[No Variations]"
Add component (AddParameter): Name = "Contact Resistance"; Value = "20mO"; VariantName = "[No Variations]"
Add component (AddParameter): Name = "Current Rating"; Value = "3A"; VariantName = "[No Variations]"
Add component (AddParameter): Name = "Flammability Rating"; Value = "UL94 V-0"; VariantName = "[No Variations]"
Add component (AddParameter): Name = "Gender"; Value = "Male"; VariantName = "[No Variations]"
Add component (AddParameter): Name = "Height"; Value = "2.54mm"; VariantName = "[No Variations]"
Add component (AddParameter): Name = "Housing Material"; Value = "PBT"; VariantName = "[No Variations]"
Add component (AddParameter): Name = "Insulation"; Value = "Insulated"; VariantName = "[No Variations]"
Add component (AddParameter): Name = "Insulation Resistance"; Value = "1GO"; VariantName = "[No Variations]"
Add component (AddParameter): Name = "Lead Pitch"; Value = "2.54mm"; VariantName = "[No Variations]"
Add component (AddParameter): Name = "Length"; Value = "12.7mm"; VariantName = "[No Variations]"
Add component (AddParameter): Name = "Max Operating Temperature"; Value = "105°C"; VariantName = "[No Variations]"
Add component (AddParameter): Name = "Min Operating Temperature"; Value = "-40°C"; VariantName = "[No Variations]"
Add component (AddParameter): Name = "Mount"; Value = "Through Hole"; VariantName = "[No Variations]"
Add component (AddParameter): Name = "NexarPartId"; Value = "18818163"; VariantName = "[No Variations]"
Add component (AddParameter): Name = "Number of Contacts"; Value = "10"; VariantName = "[No Variations]"
Add component (AddParameter): Name = "Number of Pins"; Value = "10"; VariantName = "[No Variations]"
Add component (AddParameter): Name = "Number of Positions"; Value = "10"; VariantName = "[No Variations]"
Add component (AddParameter): Name = "Number of Rows"; Value = "2"; VariantName = "[No Variations]"
Add component (AddParameter): Name = "Operating Supply Voltage"; Value = "250V"; VariantName = "[No Variations]"
Add component (AddParameter): Name = "Orientation"; Value = "Vertical"; VariantName = "[No Variations]"
Add component (AddParameter): Name = "Packaging"; Value = "Bulk"; VariantName = "[No Variations]"
Add component (AddParameter): Name = "Pitch"; Value = "2.54mm"; VariantName = "[No Variations]"
Add component (AddParameter): Name = "REACH SVHC"; Value = "Unknown"; VariantName = "[No Variations]"
Add component (AddParameter): Name = "RoHS"; Value = "Compliant"; VariantName = "[No Variations]"
Add component (AddParameter): Name = "Row Spacing"; Value = "2.54mm"; VariantName = "[No Variations]"
Add component (AddParameter): Name = "Termination"; Value = "Through Hole"; VariantName = "[No Variations]"
Add component (AddParameter): Name = "Voltage Rating"; Value = "250V"; VariantName = "[No Variations]"
Add component (AddParameter): Name = "Width"; Value = "12.7mm"; VariantName = "[No Variations]"
Added Component: Designator=U1(ADC_Team12)
Added Pin To Net: NetName=DVSS_T12 Pin=C1-1
Added Pin To Net: NetName=VDD_T12 Pin=C1-2
Added Pin To Net: NetName=DVSS_T12 Pin=C2-1
Added Pin To Net: NetName=VDD_T12 Pin=C2-2
Added Pin To Net: NetName=VSS_ESD_T12 Pin=C3-1
Added Pin To Net: NetName=VDD_ESD_T12 Pin=C3-2
Added Pin To Net: NetName=VSS_ESD_T12 Pin=C4-1
Added Pin To Net: NetName=VDD_ESD_T12 Pin=C4-2
Added Pin To Net: NetName=AVSS Pin=C5-1
Added Pin To Net: NetName=VDD_ANA_ESD Pin=C5-2
Added Pin To Net: NetName=AVSS Pin=C6-1
Added Pin To Net: NetName=VDD_ANA_ESD Pin=C6-2
Added Pin To Net: NetName=CLK_T12 Pin=J1-1
Added Pin To Net: NetName=DVSS_T12 Pin=J1-2
Added Pin To Net: NetName=DVSS_T12 Pin=J1-3
Added Pin To Net: NetName=MUX1 Pin=J1-4
Added Pin To Net: NetName=MUX0 Pin=J1-5
Added Pin To Net: NetName=AVSS Pin=J2-1
Added Pin To Net: NetName=INP_T12 Pin=J2-2
Added Pin To Net: NetName=INN_T12 Pin=J2-3
Added Pin To Net: NetName=VCM_T12 Pin=J2-4
Added Pin To Net: NetName=AVSS Pin=J2-5
Added Pin To Net: NetName=Code3 Pin=P1-1
Added Pin To Net: NetName=Code8 Pin=P1-2
Added Pin To Net: NetName=Code2 Pin=P1-3
Added Pin To Net: NetName=Code7 Pin=P1-4
Added Pin To Net: NetName=Code1 Pin=P1-5
Added Pin To Net: NetName=Code6 Pin=P1-6
Added Pin To Net: NetName=Code0 Pin=P1-7
Added Pin To Net: NetName=Code5 Pin=P1-8
Added Pin To Net: NetName=EOC Pin=P1-9
Added Pin To Net: NetName=Code4 Pin=P1-10
Added Pin To Net: NetName=VDD_ESD_T12 Pin=U1-1
Added Pin To Net: NetName=VSS_ESD_T12 Pin=U1-2
Added Pin To Net: NetName=DVSS_T12 Pin=U1-3
Added Pin To Net: NetName=VDD_T12 Pin=U1-4
Added Pin To Net: NetName=CLK_T12 Pin=U1-5
Added Pin To Net: NetName=MUX1 Pin=U1-6
Added Pin To Net: NetName=MUX0 Pin=U1-7
Added Pin To Net: NetName=Code8 Pin=U1-8
Added Pin To Net: NetName=Code7 Pin=U1-9
Added Pin To Net: NetName=Code6 Pin=U1-10
Added Pin To Net: NetName=Code5 Pin=U1-11
Added Pin To Net: NetName=Code4 Pin=U1-12
Added Pin To Net: NetName=Code3 Pin=U1-13
Added Pin To Net: NetName=Code2 Pin=U1-14
Added Pin To Net: NetName=Code1 Pin=U1-15
Added Pin To Net: NetName=Code0 Pin=U1-16
Added Pin To Net: NetName=EOC Pin=U1-17
Added Pin To Net: NetName=AVSS Pin=U1-29
Added Pin To Net: NetName=INN_T12 Pin=U1-32
Added Pin To Net: NetName=AVSS Pin=U1-34
Added Pin To Net: NetName=VDD_ANA_ESD Pin=U1-36
Added Pin To Net: NetName=VCM_T12 Pin=U1-38
Added Pin To Net: NetName=INP_T12 Pin=U1-39
Added Pin To Net: NetName=AVSS Pin=U1-43
Added Pin To Net: NetName=VDD_ANA_ESD Pin=U1-44
Added Pin To Net: NetName=AVSS Pin=U1-45
Added Pin To Net: NetName=AVSS Pin=U1-46
Added Pin To Net: NetName=AVSS Pin=U1-47
Added Member To Class: ClassName=2layer_COB Member=Component C1 LD051C104KAB2A
Added Member To Class: ClassName=2layer_COB Member=Component C2 VJ0805Y103KXBAC
Added Member To Class: ClassName=2layer_COB Member=Component C3 LD051C104KAB2A
Added Member To Class: ClassName=2layer_COB Member=Component C4 VJ0805Y103KXBAC
Added Member To Class: ClassName=2layer_COB Member=Component C5 LD051C104KAB2A
Added Member To Class: ClassName=2layer_COB Member=Component C6 VJ0805Y103KXBAC
Added Member To Class: ClassName=2layer_COB Member=Component J1 90120-0125
Added Member To Class: ClassName=2layer_COB Member=Component J2 90120-0125
Added Member To Class: ClassName=2layer_COB Member=Component P1 61301021121
Added Member To Class: ClassName=2layer_COB Member=Component U1 U_ADC_Mega2
Added Room: Name=2layer_COB
