Removed Pin From Net: NetName=Code8 Pin=J3-1
Removed Pin From Net: NetName=Code7 Pin=J3-2
Removed Pin From Net: NetName=Code6 Pin=J3-3
Removed Pin From Net: NetName=Code5 Pin=J3-4
Removed Pin From Net: NetName=Code4 Pin=J3-5
Removed Pin From Net: NetName=Code3 Pin=J3-6
Removed Pin From Net: NetName=Code2 Pin=J3-7
Removed Pin From Net: NetName=Code1 Pin=J3-8
Removed Pin From Net: NetName=Code0 Pin=J3-9
Removed Pin From Net: NetName=EOC Pin=J3-10
Removed Member From Class: ClassName=2layer_COB Member=J3
Change Component Footprint: Designator=J1 Old Footprint=FP-90120-0125-MFG New Footprint=FP-90120-0125-MFG
Change Component Footprint: Designator=J2 Old Footprint=FP-90120-0125-MFG New Footprint=FP-90120-0125-MFG
Added Component: Designator=P1(61301021121)
Add component (AddParameter): Name = "Color"; Value = "Black"; VariantName = "[No Variations]"
Add component (AddParameter): Name = "Connector Type"; Value = "Male Pin"; VariantName = "[No Variations]"
Add component (AddParameter): Name = "Contact Gender"; Value = "Male"; VariantName = "[No Variations]"
Add component (AddParameter): Name = "Contact Material"; Value = "Copper"; VariantName = "[No Variations]"
Add component (AddParameter): Name = "Contact Mating Length"; Value = "5.9944mm"; VariantName = "[No Variations]"
Add component (AddParameter): Name = "Contact Plating"; Value = "Gold"; VariantName = "[No Variations]"
Add component (AddParameter): Name = "Contact Resistance"; Value = "20mO"; VariantName = "[No Variations]"
Add component (AddParameter): Name = "Current Rating"; Value = "3A"; VariantName = "[No Variations]"
Add component (AddParameter): Name = "Flammability Rating"; Value = "UL94 V-0"; VariantName = "[No Variations]"
Add component (AddParameter): Name = "Gender"; Value = "Male"; VariantName = "[No Variations]"
Add component (AddParameter): Name = "Height"; Value = "2.54mm"; VariantName = "[No Variations]"
Add component (AddParameter): Name = "Housing Material"; Value = "PBT"; VariantName = "[No Variations]"
Add component (AddParameter): Name = "Insulation"; Value = "Insulated"; VariantName = "[No Variations]"
Add component (AddParameter): Name = "Insulation Resistance"; Value = "1GO"; VariantName = "[No Variations]"
Add component (AddParameter): Name = "Lead Pitch"; Value = "2.54mm"; VariantName = "[No Variations]"
Add component (AddParameter): Name = "Length"; Value = "12.7mm"; VariantName = "[No Variations]"
Add component (AddParameter): Name = "Max Operating Temperature"; Value = "105°C"; VariantName = "[No Variations]"
Add component (AddParameter): Name = "Min Operating Temperature"; Value = "-40°C"; VariantName = "[No Variations]"
Add component (AddParameter): Name = "Mount"; Value = "Through Hole"; VariantName = "[No Variations]"
Add component (AddParameter): Name = "NexarPartId"; Value = "18818163"; VariantName = "[No Variations]"
Add component (AddParameter): Name = "Number of Contacts"; Value = "10"; VariantName = "[No Variations]"
Add component (AddParameter): Name = "Number of Pins"; Value = "10"; VariantName = "[No Variations]"
Add component (AddParameter): Name = "Number of Positions"; Value = "10"; VariantName = "[No Variations]"
Add component (AddParameter): Name = "Number of Rows"; Value = "2"; VariantName = "[No Variations]"
Add component (AddParameter): Name = "Operating Supply Voltage"; Value = "250V"; VariantName = "[No Variations]"
Add component (AddParameter): Name = "Orientation"; Value = "Vertical"; VariantName = "[No Variations]"
Add component (AddParameter): Name = "Packaging"; Value = "Bulk"; VariantName = "[No Variations]"
Add component (AddParameter): Name = "Pitch"; Value = "2.54mm"; VariantName = "[No Variations]"
Add component (AddParameter): Name = "REACH SVHC"; Value = "Unknown"; VariantName = "[No Variations]"
Add component (AddParameter): Name = "RoHS"; Value = "Compliant"; VariantName = "[No Variations]"
Add component (AddParameter): Name = "Row Spacing"; Value = "2.54mm"; VariantName = "[No Variations]"
Add component (AddParameter): Name = "Termination"; Value = "Through Hole"; VariantName = "[No Variations]"
Add component (AddParameter): Name = "Voltage Rating"; Value = "250V"; VariantName = "[No Variations]"
Add component (AddParameter): Name = "Width"; Value = "12.7mm"; VariantName = "[No Variations]"
Added Pin To Net: NetName=Code3 Pin=P1-1
Added Pin To Net: NetName=Code8 Pin=P1-2
Added Pin To Net: NetName=Code2 Pin=P1-3
Added Pin To Net: NetName=Code7 Pin=P1-4
Added Pin To Net: NetName=Code1 Pin=P1-5
Added Pin To Net: NetName=Code6 Pin=P1-6
Added Pin To Net: NetName=Code0 Pin=P1-7
Added Pin To Net: NetName=Code5 Pin=P1-8
Added Pin To Net: NetName=EOC Pin=P1-9
Added Pin To Net: NetName=Code4 Pin=P1-10
Add Pin To Net: Unknown Pin: Pin U1-44
Added Member To Class: ClassName=2layer_COB Member=Component P1 61301021121
